2018-02-23 01:06:51 ERROR  : Error connecting to the server: FATAL:  la autentificación password falló para el usuario «postgres»

2018-02-23 01:38:41 ERROR  : ERROR:  el nombre de tabla «facultad» fue especificado más de una vez
2018-02-23 01:58:30 ERROR  : ERROR:  no existe la relación «estudiante»
LINE 1: SELECT * FROM estudiante
                      ^
2018-02-23 01:58:43 ERROR  : ERROR:  no existe la relación «estudiante»
LINE 1: SELECT * FROM estudiante
                      ^
2018-02-23 02:00:09 ERROR  : ERROR:  no existe la relación «carrera_asignatura»
LINE 1: SELECT * FROM carrera_asignatura
                      ^
2018-02-23 02:00:19 ERROR  : ERROR:  no existe la relación «carreraasignatura»
LINE 1: SELECT * FROM carreraasignatura
                      ^
2018-02-23 02:46:53 ERROR  : ERROR:  la sintaxis de entrada no es válida para integer: «2017-2018»
LINE 1: ...doacademico VALUES (1,'06-11-2017','25-03-2018',2,'2017-2018...
                                                             ^
2018-02-23 02:47:23 ERROR  : ERROR:  llave duplicada viola restricción de unicidad «periodoacademico_pkey»
DETAIL:  Ya existe la llave (id_anioelectivo)=(1).
2018-02-23 02:48:30 ERROR  : ERROR:  no existe la relación «aiganturadocente»
LINE 1: SELECT * FROM aiganturadocente
                      ^
2018-02-23 02:48:37 ERROR  : ERROR:  no existe la relación «aignaturadocente»
LINE 1: SELECT * FROM aignaturadocente
                      ^
2018-02-23 02:51:10 ERROR  : ERROR:  error de sintaxis en o cerca de «'FCI111'»
LINE 1: INSERT INTO VALUES ('FCI111','1203140395',4,1)
                            ^
2018-02-23 03:01:09 ERROR  : ERROR:  llave duplicada viola restricción de unicidad «asignaturadocente_pkey»
DETAIL:  Ya existe la llave (id_paralelo)=(FCI111            ).
2018-02-23 03:08:34 ERROR  : ERROR:  error de sintaxis en o cerca de «INSERTO»
LINE 1: INSERTO INTO preguntas VALUES ('1','Presentó el sílabo en la...
        ^
2018-02-23 03:09:14 ERROR  : ERROR:  inserción o actualización en la tabla «preguntas» viola la llave foránea «r_10»
DETAIL:  La llave (id_encuesta)=(1                 ) no está presente en la tabla «emcuesta».
2018-02-23 03:10:08 ERROR  : ERROR:  no existe la relación «encuesta»
LINE 1: SELECT * FROM ENCUESTA
                      ^
2018-02-23 03:12:36 ERROR  : ERROR:  no existe la relación «encuesta»
LINE 1: INSERT INTO encuesta VALUES ('1','Encuesta 1','19-10-2017','...
                    ^
2018-02-23 03:22:33 ERROR  : ERROR:  llave duplicada viola restricción de unicidad «preguntaopciones_pkey»
DETAIL:  Ya existe la llave (id_preguntaopciones)=(1).
2018-02-23 03:27:18 ERROR  : ERROR:  error de sintaxis en o cerca de «SELECT»
LINE 3: SELECT * FROM carrera
        ^
2018-02-23 03:36:46 ERROR  : ERROR:  llave duplicada viola restricción de unicidad «respuestas_pkey»
DETAIL:  Ya existe la llave (id_respuesta)=(17                ).
2018-02-23 10:12:09 ERROR  : ERROR:  no existe la relación «docentes»
LINE 1: SELECT * FROM docentes
                      ^
2018-02-23 10:13:02 ERROR  : ERROR:  no existe la relación «carreraasignada»
LINE 1: SELECT * FROM carreraasignada
                      ^
2018-02-23 10:13:16 ERROR  : ERROR:  no existe la relación «carreraasignatura»
LINE 1: SELECT * FROM carreraasignatura
                      ^
2018-02-23 10:14:27 ERROR  : ERROR:  llave duplicada viola restricción de unicidad «asignaturadocente_pkey»
DETAIL:  Ya existe la llave (id_paralelo)=(FCI111            ).
2018-02-23 12:45:06 ERROR  : ERROR:  error de sintaxis en o cerca de «,»
LINE 13: id_coordinador int primary,
                                   ^
2018-02-23 12:51:29 ERROR  : ERROR:  la base de datos «EncuestaBD2» está siendo utilizada por otros usuarios
DETAIL:  Hay 1 otra sesión usando la base de datos.
2018-02-23 13:19:17 ERROR  : ERROR:  error de sintaxis en o cerca de «FOREIGN»
LINE 2:  ADD CONSTRAINTS fk_autoridades_facultad FOREIGN KEY (fk_fac...
                                                 ^
2018-02-23 13:23:21 ERROR  : ERROR:  no existe la tabla «autoridades»
2018-02-23 13:23:28 ERROR  : ERROR:  error de sintaxis en o cerca de «autoridades»
LINE 1: drop autoridades
             ^
2018-02-23 13:24:31 ERROR  : ERROR:  error de sintaxis en o cerca de «FOREIGN»
LINE 2:  ADD CONSTRAINTS fk_autoridades_facultad FOREIGN KEY (fk_fac...
                                                 ^
2018-02-23 13:26:34 ERROR  : ERROR:  no existe la columna «id_carreraasignatura» referida en la llave foránea
2018-02-23 13:27:11 ERROR  : ERROR:  no existe la columna «idasignatura» referida en la llave foránea
2018-02-23 13:28:11 ERROR  : ERROR:  no existe la columna «id_asignatura» referida en la llave foránea
2018-02-23 13:28:11 ERROR  : ERROR:  no existe la columna «id_asignatura» referida en la llave foránea
2018-02-23 13:28:13 ERROR  : ERROR:  no existe la columna «id_asignatura» referida en la llave foránea
2018-02-23 13:32:49 ERROR  : ERROR:  no existe la columna «fk_carreraasignatura» referida en la llave foránea
2018-02-23 13:33:17 ERROR  : ERROR:  no existe la relación «asignaturadocente»
2018-02-23 13:40:26 ERROR  : ERROR:  no existe la relación «detalleaula»
2018-02-23 13:40:41 ERROR  : ERROR:  no existe la columna «fk_aula» referida en la llave foránea
2018-02-23 13:41:27 ERROR  : ERROR:  no existe la relación «detalleaula»
2018-02-23 13:42:07 ERROR  : ERROR:  no se puede eliminar tabla "detalleAula" columna fk_aula porque otros objetos dependen de él
DETAIL:  restricción «r_12» en tabla respuestas depende de tabla "detalleAula" columna fk_aula
restricción «r_4» en tabla detallematricula depende de tabla "detalleAula" columna fk_aula
HINT:  Use DROP ... CASCADE para eliminar además los objetos dependientes.
2018-02-23 13:42:50 ERROR  : ERROR:  no existe la relación «detalleaula»
2018-02-23 13:43:30 ERROR  : ERROR:  no existe la relación «detalleaula»
2018-02-23 13:44:48 ERROR  : ERROR:  no existe la relación «detalleaula»
2018-02-23 13:44:49 ERROR  : ERROR:  no existe la relación «detalleaula»
2018-02-23 13:44:50 ERROR  : ERROR:  no existe la relación «detalleaula»
2018-02-23 13:44:50 ERROR  : ERROR:  no existe la relación «detalleaula»
2018-02-23 13:44:51 ERROR  : ERROR:  no existe la relación «detalleaula»
2018-02-24 11:25:04 ERROR  : ERROR:  no existe la relación «pregunta»
LINE 1: select * from pregunta
                      ^
2018-02-24 11:25:08 ERROR  : ERROR:  no existe la relación «preguntas»
LINE 1: select * from preguntas
                      ^
2018-02-24 11:25:13 ERROR  : ERROR:  no existe la relación «preguntas»
LINE 1: select * from Preguntas
                      ^
2018-02-24 11:25:18 ERROR  : ERROR:  no existe la relación «pregunta»
LINE 1: select * from Pregunta
                      ^
2018-02-24 11:27:02 ERROR  : ERROR:  no existe la relación «pregunta»
LINE 1: select * from Pregunta
                      ^
2018-02-24 13:06:45 ERROR  : ERROR:  no existe la relación «emcuesta»
LINE 1: INSERT INTO emcuesta VALUES ('1','Encuesta 1','19-10-2017','...
                    ^
2018-02-24 13:07:35 ERROR  : ERROR:  inserción o actualización en la tabla «preguntas» viola la llave foránea «r_10»
DETAIL:  La llave (id_encuesta)=(1                 ) no está presente en la tabla «encuesta».
2018-02-24 13:08:33 ERROR  : ERROR:  no existe la relación «aniolectivo»
LINE 1: select * from aniolectivo
                      ^
2018-02-24 13:11:13 ERROR  : ERROR:  inserción o actualización en la tabla «preguntas» viola la llave foránea «r_10»
DETAIL:  La llave (id_encuesta)=(1                 ) no está presente en la tabla «encuesta».
2018-02-24 13:12:54 ERROR  : ERROR:  no existe la relación «emcuesta»
LINE 1: INSERT INTO emcuesta VALUES ('1','Encuesta 1','19-10-2017','...
                    ^
2018-02-24 13:13:56 ERROR  : ERROR:  no existe la relación «pregunta»
LINE 1: select * from pregunta;
                      ^
2018-02-24 13:17:00 ERROR  : ERROR:  no existe la relación «detalle_aula»
LINE 1: select * from detalle_aula
                      ^
2018-02-24 13:25:41 ERROR  : ERROR:  no existe la relación «asiganatura»
LINE 1: select * from asiganatura
                      ^
2018-02-24 13:25:44 ERROR  : ERROR:  no existe la relación «asianatura»
LINE 1: select * from asianatura
                      ^
2018-02-24 13:27:29 ERROR  : ERROR:  no existe la relación «paralelo»
LINE 1: select * from paralelo
                      ^
2018-02-24 13:39:00 ERROR  : ERROR:  el operador no existe: character varying = integer
LINE 1: update docente set nombres='Bolívar' where id_docente=2
                                                             ^
HINT:  Ningún operador coincide con el nombre y el tipo de los argumentos. Puede ser necesario agregar conversiones explícitas de tipos.
2018-02-24 13:49:50 ERROR  : ERROR:  inserción o actualización en la tabla «autoridades» viola la llave foránea «fk_autoridades_facult»
DETAIL:  La llave (fk_facultad)=(7) no está presente en la tabla «facultad».
2018-02-24 14:18:52 ERROR  : ERROR:  error de sintaxis en o cerca de «)»
LINE 1: ...72784','Juan Carlos','Pisco Vanegas','jpisco@uteq.edu.ec', )
                                                                      ^
2018-02-24 14:19:05 ERROR  : ERROR:  error de sintaxis en o cerca de «1»
LINE 1: insert into coordinador (1,'Coordinador','01-01-2015',null,1...
                                 ^
2018-02-24 14:21:42 ERROR  : ERROR:  llave duplicada viola restricción de unicidad «docente_pkey»
DETAIL:  Ya existe la llave (id_docente)=(0103781068).
2018-02-24 14:44:21 ERROR  : ERROR:  llave duplicada viola restricción de unicidad «docente_pkey»
DETAIL:  Ya existe la llave (id_docente)=(0502009640).
2018-02-24 14:44:54 ERROR  : ERROR:  no existe la columna «iddocente»
LINE 1: select * from docente where iddocente='0601179385'
                                    ^
2018-02-24 14:55:40 ERROR  : ERROR:  no existe la relación «parelelo»
LINE 1: select * from parelelo
                      ^
2018-02-24 14:55:44 ERROR  : ERROR:  no existe la relación «paralelo»
LINE 1: select * from paralelo
                      ^
2018-02-24 14:56:10 ERROR  : ERROR:  no existe la relación «detalle_aula»
LINE 1: select * from detalle_Aula
                      ^
2018-02-24 14:59:06 ERROR  : ERROR:  no existe la relación «materias»
LINE 1: select * from materias
                      ^
2018-02-24 14:59:08 ERROR  : ERROR:  no existe la relación «materia»
LINE 1: select * from materia
                      ^
2018-02-24 15:02:59 ERROR  : ERROR:  no existe la relación «respuesta»
LINE 1: select * from respuesta
                      ^
2018-02-24 15:25:59 ERROR  : ERROR:  error de sintaxis en o cerca de «=»
LINE 1: update autoridades set nombre='Director' where=7
                                                      ^
2018-02-24 15:26:20 ERROR  : ERROR:  no existe la columna «nombre» en la relación «autoridades»
LINE 1: update autoridades set nombre='Director' where id_autoridad=...
                               ^
2018-02-24 15:35:13 ERROR  : ERROR:  no existe la columna d.nombre
LINE 1: select d.nombre, a.nominal from autoridades as a inner join ...
               ^
2018-02-24 15:36:24 ERROR  : ERROR:  no existe la columna f.idfactultad
LINE 3: inner join facultad as f on f.idfactultad=a.idfacultad
                                    ^
2018-02-24 15:36:49 ERROR  : ERROR:  no existe la columna a.idfacultad
LINE 2: inner join facultad as f on f.idfacultad=a.idfacultad
                                                 ^
2018-02-24 15:38:25 ERROR  : ERROR:  no existe la columna d.iddocente
LINE 2: select d.iddocente, d.nombres, a.nominal, f.nombre from auto...
               ^
2018-02-24 15:39:12 ERROR  : ERROR:  no existe la relación «detalle_aula»
LINE 1: select * from detalle_aula
                      ^
2018-02-24 15:39:16 ERROR  : ERROR:  no existe la relación «detalle_aula»
LINE 1: select * from Detalle_aula
                      ^
2018-02-24 15:50:09 ERROR  : ERROR:  error de sintaxis en o cerca de «detalleaula»
LINE 1: select * detalleaula
                 ^
2018-02-24 15:57:28 ERROR  : ERROR:  error de sintaxis en o cerca de «select»
LINE 3: select * from docente
        ^
2018-02-24 16:36:33 ERROR  : ERROR:  error de sintaxis en o cerca de «from»
LINE 1: from respuestas
        ^
2018-02-24 16:36:38 ERROR  : ERROR:  error de sintaxis en o cerca de «selec»
LINE 1: selec * from respuestas
        ^
2018-02-24 17:25:41 ERROR  : ERROR:  no existe la relación «periodoacdemico»
LINE 1: select cast(anio as varchar) + 's' from periodoacdemico
                                                ^
2018-02-24 17:25:50 ERROR  : ERROR:  el operador no existe: character varying + unknown
LINE 1: select cast(anio as varchar) + 's' from periodoacademico
                                     ^
HINT:  Ningún operador coincide con el nombre y el tipo de los argumentos. Puede ser necesario agregar conversiones explícitas de tipos.
2018-02-24 17:26:12 ERROR  : ERROR:  el operador no existe: character varying + unknown
LINE 1: select cast(anio as varchar)+'sa' from periodoacademico
                                    ^
HINT:  Ningún operador coincide con el nombre y el tipo de los argumentos. Puede ser necesario agregar conversiones explícitas de tipos.
2018-02-24 17:26:31 ERROR  : ERROR:  error de sintaxis en o cerca de «+»
LINE 1: select cast(anio as varchar + 'sa') from periodoacademico
                                    ^
2018-02-24 17:26:40 ERROR  : ERROR:  error de sintaxis en o cerca de «'sa'»
LINE 1: select cast(anio as varchar 'sa') from periodoacademico
                                    ^
2018-02-24 17:31:37 ERROR  : ERROR:  error de sintaxis en o cerca de «lectivo»
LINE 1: ...s varchar)||'-'||cast(anio+1 as varchar) as annio lectivo fr...
                                                             ^
2018-02-24 17:31:53 ERROR  : ERROR:  error de sintaxis en o cerca de «[»
LINE 1: ...anio as varchar)||'-'||cast(anio+1 as varchar) as [annio lec...
                                                             ^
2018-02-24 18:16:52 ERROR  : ERROR:  error de sintaxis en o cerca de «'anio lectivo'»
LINE 1: ...io as varchar)||'-'||cast(anio + 1 as varchar) as 'anio lect...
                                                             ^
2018-02-24 18:34:08 ERROR  : ERROR:  falta una entrada para la tabla «f» en la cláusula FROM
LINE 1: select d.id_docente, d.nombres, a.nominal, f.nombre from coo...
                                                   ^
2018-02-24 18:54:44 ERROR  : ERROR:  la sintaxis de entrada no es válida para tipo date: «»
LINE 1: ...nal, fk_carrera from coordinador where fecha_finalizacion=''
                                                                     ^
2018-02-24 18:54:49 ERROR  : ERROR:  la sintaxis de entrada no es válida para tipo date: «null»
LINE 1: ... fk_carrera from coordinador where fecha_finalizacion='null'
                                                                 ^
2018-02-24 18:54:49 ERROR  : ERROR:  error de sintaxis en o cerca de «select»
LINE 3: select * from coordinador
        ^
2018-02-24 19:58:20 ERROR  : ERROR:  no existe la relación «respuesta»
LINE 1: select * from respuesta
                      ^
2018-02-24 20:05:51 ERROR  : ERROR:  no existe la columna e.id_aniolectivo
LINE 2: a.id_carreraasignatura=da.fk_asignatura and e.id_aniolectivo...
                                                    ^
2018-02-24 20:06:16 ERROR  : ERROR:  no existe la columna e.id_aniolectivo
LINE 2: a.id_carreraasignatura=da.fk_asignatura and e.id_aniolectivo...
                                                    ^
2018-02-24 20:07:04 ERROR  : ERROR:  no existe la columna e.id_aniolectivo
LINE 2: (a.id_carreraasignatura=da.fk_asignatura) and (e.id_aniolect...
                                                       ^
2018-02-24 20:09:00 ERROR  : ERROR:  error de sintaxis en o cerca de «as»
LINE 1: select * from respuesta r as inner join detalleaula as da on...
                                  ^
2018-02-24 20:09:11 ERROR  : ERROR:  no existe la relación «respuesta»
LINE 1: select * from respuesta as r  inner join detalleaula as da o...
                      ^
2018-02-24 20:13:44 ERROR  : ERROR:  no existe la columna da.id_aniolectivo
LINE 4: periodoacademico as pa on pa.id_anioelectivo=da.id_aniolecti...
                                                     ^
2018-02-24 20:13:56 ERROR  : ERROR:  falta una entrada para la tabla «p» en la cláusula FROM
LINE 3: ...oelectivo=da.id_anioelectivo where pa.ciclo=1 and p.anio=201...
                                                             ^
2018-02-24 20:30:23 ERROR  : ERROR:  no existe la función convert(character)
LINE 1: select CONVERT(encuesta.id_encuesta) from encuesta
               ^
HINT:  Ninguna función coincide en el nombre y tipos de argumentos. Puede ser necesario agregar conversión explícita de tipos.
2018-02-24 20:30:34 ERROR  : ERROR:  error de sintaxis en o cerca de «to»
LINE 1: select CONVERT(encuesta.id_encuesta)to varchar from encuesta
                                            ^
2018-02-24 20:30:39 ERROR  : ERROR:  no existe la función convert(character)
LINE 1: select CONVERT(encuesta.id_encuesta)as varchar from encuesta
               ^
HINT:  Ninguna función coincide en el nombre y tipos de argumentos. Puede ser necesario agregar conversión explícita de tipos.
2018-02-25 00:08:30 ERROR  : ERROR:  no existe la relación «pregunta»
LINE 1: select * from pregunta
                      ^
2018-02-25 08:18:31 ERROR  : ERROR:  no existe la columna p.id_preguntas
LINE 1: ...lect * from preguntas as p inner join encuesta on p.id_pregu...
                                                             ^
2018-02-25 08:18:42 ERROR  : ERROR:  no existe la columna p.id_preguntas
LINE 1: ...* from preguntas as p inner join encuesta as e on p.id_pregu...
                                                             ^
2018-02-25 08:20:13 ERROR  : ERROR:  error de sintaxis en o cerca de «selct»
LINE 1: selct * from periodoacademico
        ^
2018-02-25 08:20:14 ERROR  : ERROR:  error de sintaxis en o cerca de «from»
LINE 7: select * from encuesta
                 ^
2018-02-25 14:48:40 ERROR  : ERROR:  no existe la relación «pregunta»
LINE 1: select * from pregunta
                      ^
2018-02-25 17:13:48 ERROR  : ERROR:  no existe la relación «opcionespreguntas»
LINE 1: select * from opcionespreguntas
                      ^
2018-02-25 17:13:51 ERROR  : ERROR:  no existe la relación «opcionespregunta»
LINE 1: select * from opcionespregunta
                      ^
2018-02-25 17:15:51 ERROR  : ERROR:  no existe la relación «preguntasopciones»
LINE 2: ...n pa.id_anioelectivo=e.id_anioelectivo inner join preguntaso...
                                                             ^
2018-02-25 17:16:28 ERROR  : ERROR:  error de sintaxis en o cerca de «preguntaopciones»
LINE 1: preguntaopciones
        ^
2018-02-25 17:19:35 ERROR  : ERROR:  el operador no existe: character = integer
LINE 3: ...opcion where pa.ciclo=1 and pa.anio=2017 and p.id_pregunta=1
                                                                     ^
HINT:  Ningún operador coincide con el nombre y el tipo de los argumentos. Puede ser necesario agregar conversiones explícitas de tipos.
2018-02-25 18:47:19 ERROR  : ERROR:  el operador no existe: character = integer
LINE 3: ...opcion where pa.ciclo=1 and pa.anio=2017 and p.id_pregunta=1
                                                                     ^
HINT:  Ningún operador coincide con el nombre y el tipo de los argumentos. Puede ser necesario agregar conversiones explícitas de tipos.
2018-02-25 19:07:26 ERROR  : ERROR:  falta una entrada para la tabla «p» en la cláusula FROM
LINE 1: ...t * from preguntas inner join preguntaopciones on preguntas....
                                                             ^
2018-02-25 19:07:35 ERROR  : ERROR:  falta una entrada para la tabla «p» en la cláusula FROM
LINE 1: ...t * from preguntas inner join preguntaopciones on pregunta. ...
                                                             ^
2018-02-25 19:07:47 ERROR  : ERROR:  el operador no existe: character = integer
LINE 1: ...ner join preguntaopciones on preguntas.id_pregunta=preguntao...
                                                             ^
HINT:  Ningún operador coincide con el nombre y el tipo de los argumentos. Puede ser necesario agregar conversiones explícitas de tipos.
2018-02-25 19:08:29 ERROR  : ERROR:  error de sintaxis al final de la entrada
LINE 1: ... preguntaopciones on preguntas.id_pregunta=preguntaopciones.
                                                                       ^
2018-02-25 20:54:49 ERROR  : ERROR:  no existe la relación «resultado»
LINE 1: ...a, op.nombre as opcion, count(*) as contador from Resultado ...
                                                             ^
2018-02-25 20:55:05 ERROR  : ERROR:  no existe la relación «respuesta»
LINE 2: ...a, op.nombre as opcion, count(*) as contador from respuesta ...
                                                             ^
2018-02-25 20:55:29 ERROR  : ERROR:  no existe la columna r.idpregunta
LINE 2: ...from respuestas as r inner join preguntas as p on r.idpregun...
                                                             ^
2018-02-25 21:09:43 ERROR  : ERROR:  falta una entrada para la tabla «pa» en la cláusula FROM
LINE 3: on p.id_pregunta=op.id_pregunta where pa.ciclo=1 and pa.anio...
                                              ^
2018-02-25 21:16:11 ERROR  : ERROR:  no existe la columna r.idpregunta
LINE 1: ...from respuestas as r inner join preguntas as p on r.idpregun...
                                                             ^
2018-02-25 21:17:21 ERROR  : ERROR:  no existe la columna r.id_pregunta
LINE 1: ...from respuestas as r inner join preguntas as p on r.id_pregu...
                                                             ^
2018-02-25 21:18:41 ERROR  : ERROR:  el operador no existe: character = integer
LINE 4: ... pa.anio=2017 and p.id_pregunta='1' order by p.id_pregunta=1
                                                                     ^
HINT:  Ningún operador coincide con el nombre y el tipo de los argumentos. Puede ser necesario agregar conversiones explícitas de tipos.
2018-02-25 21:22:49 ERROR  : ERROR:  error de sintaxis en o cerca de «where»
LINE 3: ...pa.ciclo=1 and pa.anio=2017 and p.id_pregunta='1' where o.de...
                                                             ^
2018-02-25 21:39:41 ERROR  : ERROR:  no existe la columna «facultad»
LINE 5: ...2017 and p.id_pregunta='1' and o.detalle='Sí' and facultad=2
                                                             ^
2018-02-25 21:39:49 ERROR  : ERROR:  no existe la columna f.facultad
LINE 5: ...2017 and p.id_pregunta='1' and o.detalle='Sí' and f.facultad...
                                                             ^
2018-02-25 21:43:49 ERROR  : ERROR:  no existe la columna o.opcion
LINE 5: ...2017 and f.idfacultad=2 and p.id_pregunta='1' and o.opcion='...
                                                             ^
2018-02-25 21:44:00 ERROR  : ERROR:  la sintaxis de entrada no es válida para integer: «Sí»
LINE 5: ...nd f.idfacultad=2 and p.id_pregunta='1' and o.id_opcion='Sí'
                                                                   ^
2018-02-25 21:44:12 ERROR  : ERROR:  no existe la columna o.id_detalle
LINE 5: ...2017 and f.idfacultad=2 and p.id_pregunta='1' and o.id_detal...
                                                             ^
2018-02-25 21:44:25 ERROR  : ERROR:  no existe la columna op.detalle
LINE 5: ...2017 and f.idfacultad=2 and p.id_pregunta='1' and op.detalle...
                                                             ^
2018-02-25 21:46:01 ERROR  : ERROR:  error de sintaxis en o cerca de «o»
LINE 5: ...nio=2017 and f.idfacultad=2 and p.id_pregunta='1' o.detalle=...
                                                             ^
2018-02-27 13:18:34 ERROR  : ERROR:  error de sintaxis en o cerca de «where»
LINE 3: ...   inner join a.carrera c inner join c.facultad f where pa.c...
                                                             ^
2018-02-27 13:18:44 ERROR  : ERROR:  error de sintaxis al final de la entrada
LINE 4: 
        ^
2018-02-27 13:21:29 ERROR  : ERROR:  no existe la columna r.id_opcion
LINE 3: on r.id_opcion
           ^
2018-02-27 13:21:58 ERROR  : ERROR:  no existe la columna r.id_opcion
LINE 2: on r.id_opcion=o.id_opcion
           ^
2018-02-27 13:23:17 ERROR  : ERROR:  el operador no existe: character = integer
LINE 3: ....id_opcion inner join preguntas p on p.id_pregunta=po.id_pre...
                                                             ^
HINT:  Ningún operador coincide con el nombre y el tipo de los argumentos. Puede ser necesario agregar conversiones explícitas de tipos.
2018-02-27 13:27:50 ERROR  : ERROR:  no existe la columna r.id_parelelo
LINE 4: ...vo=e.id_anioelectivo inner join detalleaula da on r.id_parel...
                                                             ^
2018-02-27 13:31:09 ERROR  : ERROR:  no existe la columna a.fk_asignatura
LINE 5: inner join asignatura a on a.fk_asignatura=a.id_carreraasign...
                                   ^
2018-02-27 13:31:33 ERROR  : ERROR:  no existe la columna a.fk_asignatura
LINE 5: inner join asignatura a on a.fk_asignatura=da.id_carreraasig...
                                   ^
2018-02-27 13:36:21 ERROR  : ERROR:  no existe la columna c.id_facultad
LINE 6: on f.idfacultad=c.id_facultad
                        ^
2018-02-27 13:36:53 ERROR  : ERROR:  no existe la columna p.idpregunta
LINE 6: ...a.ciclo=1 and pa.anio=2017 and f.idfacultad=2 and p.idPregun...
                                                             ^
2018-02-27 13:38:26 ERROR  : ERROR:  error de sintaxis en o cerca de «=»
LINE 6: ... f.idfacultad=c.idfacultad inner join docente d on=d.id_doce...
                                                             ^
2018-02-27 13:39:22 ERROR  : ERROR:  no existe la columna d.docente
LINE 2: SELECT d.docente from Respuestas r inner join preguntaopcion...
               ^
2018-02-27 13:40:35 ERROR  : ERROR:  la columna «d.nombres» debe aparecer en la cláusula GROUP BY o ser usada en una función de agregación
LINE 2: SELECT d.nombres, d.apellidos from Respuestas r inner join p...
               ^
2018-02-27 13:41:28 ERROR  : ERROR:  la columna «d.nombres» debe aparecer en la cláusula GROUP BY o ser usada en una función de agregación
LINE 1: SELECT d.apellidos || ' '|| d.nombres from Respuestas r inne...
                                    ^
2018-02-27 13:41:46 ERROR  : ERROR:  la referencia a la columna «detalle» es ambigua
LINE 6: ...clo=1 and pa.anio=2017 and f.idfacultad=2 group by (detalle)
                                                               ^
2018-02-27 14:48:01 ERROR  : ERROR:  error de sintaxis en o cerca de «where»
LINE 5:                     where pa.ciclo=1 and pa.anio=2017 and f....
                            ^
2018-02-27 14:48:08 ERROR  : ERROR:  error de sintaxis en o cerca de «where»
LINE 4:                     where pa.ciclo=1 and pa.anio=2017 and f....
                            ^
2018-02-27 14:48:21 ERROR  : ERROR:  error de sintaxis en o cerca de «where»
LINE 4: ...a c inner join c.facultad f inner join da.docente where pa.c...
                                                             ^
2018-02-27 16:29:01 ERROR  : ERROR:  error de sintaxis en o cerca de «where»
LINE 6: ...re pa.ciclo=1 and pa.anio=2017 and f.idfacultad=1 where d.ap...
                                                             ^
2018-02-27 16:29:09 ERROR  : ERROR:  no existe la columna d.apellido
LINE 5: ...a.ciclo=1 and pa.anio=2017 and f.idfacultad=1 and d.apellido...
                                                             ^
2018-02-28 00:35:36 ERROR  : ERROR:  no existe la función dictinct(character varying)
LINE 1: SELECT dictinct(a.nombre) from Respuestas r inner join pregu...
               ^
HINT:  Ninguna función coincide en el nombre y tipos de argumentos. Puede ser necesario agregar conversión explícita de tipos.
2018-02-28 02:00:16 ERROR  : ERROR:  la columna «d.apellidos» debe aparecer en la cláusula GROUP BY o ser usada en una función de agregación
LINE 1: SELECT d.apellidos||' '||d.nombres from Respuestas r inner j...
               ^
2018-02-28 02:00:57 ERROR  : ERROR:  la columna «d.apellidos» debe aparecer en la cláusula GROUP BY o ser usada en una función de agregación
LINE 1: SELECT d.apellidos ||' '|| d.nombres from Respuestas r inner...
               ^
2018-02-28 02:01:16 ERROR  : ERROR:  no existe la columna d.apellido
LINE 2: SELECT d.apellido ||' '|| d.nombres from Respuestas r inner ...
               ^
2018-02-28 02:01:37 ERROR  : ERROR:  error de sintaxis en o cerca de «where»
LINE 5:                     where pa.ciclo=1 and pa.anio=2017 and f....
                            ^
2018-02-28 02:02:02 ERROR  : ERROR:  la columna «d.apellidos» debe aparecer en la cláusula GROUP BY o ser usada en una función de agregación
LINE 1: SELECT d.apellidos ||' '|| d.nombres from Respuestas r inner...
               ^
2018-02-28 02:03:13 ERROR  : ERROR:  no existe la relación «carreras»
LINE 1: select * from carreras
                      ^
2018-02-28 02:03:39 ERROR  : ERROR:  error de sintaxis en o cerca de «gruop»
LINE 6: ....idfacultad=2 and c.nombre='Ingeniería en Sistemas' gruop by
                                                               ^
2018-02-28 02:03:39 ERROR  : ERROR:  error de sintaxis en o cerca de «select»
LINE 2: select * from Respuestas
        ^
2018-02-28 09:11:56 ERROR  : ERROR:  error de sintaxis en o cerca de «select»
LINE 2: select * from Respuestas
        ^
2018-02-28 12:27:26 ERROR  : ERROR:  error de sintaxis en o cerca de «where»
LINE 4: where pa.ciclo=1 and pa.anio=2017 and f.idfacultad=2 and CON...
        ^
2018-02-28 12:27:44 ERROR  : ERROR:  no existe la relación «carreras»
LINE 1: select * from carreras
                      ^
2018-02-28 12:28:38 ERROR  : ERROR:  error de sintaxis en o cerca de «where»
LINE 5:                     where pa.ciclo=1 and pa.anio=2017 and f....
                            ^
2018-02-28 13:52:40 ERROR  : ERROR:  no existe la relación «preguntasopciones»
LINE 1: SELECT * FROM respuestas r inner join preguntasopciones po o...
                                              ^
2018-02-28 13:54:23 ERROR  : ERROR:  el operador no existe: integer = character
LINE 3: ...o.id_pregunta inner join opciones o on o.id_opcion=po.id_pre...
                                                             ^
HINT:  Ningún operador coincide con el nombre y el tipo de los argumentos. Puede ser necesario agregar conversiones explícitas de tipos.
2018-02-28 13:55:55 ERROR  : ERROR:  no existe la columna da.id_parelelo
LINE 3: ..._opcion=po.id_opcion inner join detalleaula da on da.id_pare...
                                                             ^
2018-02-28 13:56:10 ERROR  : ERROR:  no existe la columna da.id_parelelo
LINE 3: ..._opcion=po.id_opcion inner join detalleaula da on da.id_pare...
                                                             ^
2018-02-28 13:58:55 ERROR  : ERROR:  el operador no existe: character varying = integer
LINE 4: inner join docente d on d.id_docente=da.fk_aula
                                            ^
HINT:  Ningún operador coincide con el nombre y el tipo de los argumentos. Puede ser necesario agregar conversiones explícitas de tipos.
2018-02-28 13:59:48 ERROR  : ERROR:  no existe la relación «pregunta»
LINE 1: select * from pregunta
                      ^
2018-02-28 14:10:48 ERROR  : ERROR:  la referencia a la columna «idfacultad» es ambigua
LINE 8: ...ON CICERON' and pa.ciclo=1 and pa.anio='2016' and idfacultad...
                                                             ^
2018-02-28 14:21:30 ERROR  : ERROR:  error de sintaxis en o cerca de «p»
LINE 8: p.id_pregunta='1' and o.detalle='Sí'
        ^
2018-02-28 15:09:00 ERROR  : ERROR:  no existe la relación «opcion»
LINE 1: select * from opcion
                      ^
2018-02-28 19:06:24 ERROR  : ERROR:  error de sintaxis en o cerca de «where»
LINE 4:                 where pa.ciclo=1 and pa.anio=2017 and f.idfa...
                        ^
2018-02-28 19:06:24 ERROR  : ERROR:  error de sintaxis en o cerca de «where»
LINE 4: where pa.ciclo=1 and pa.anio=2017 and f.idfacultad=2 and CON...
        ^
2018-03-01 02:02:27 ERROR  : ERROR:  error de sintaxis en o cerca de «where»
LINE 5: inner join a.carrera c inner join c.facultad f where pa.cicl...
                                                       ^
2018-03-01 08:07:22 ERROR  : ERROR:  no existe la columna a.fk_autoridad
LINE 1: select a.fk_autoridad from docente d inner join autoridades ...
               ^
2018-03-01 08:07:22 ERROR  : ERROR:  error de sintaxis en o cerca de «where»
LINE 4: where pa.ciclo=1 and pa.anio=2017 and f.idfacultad=2 and CON...
        ^
2018-03-01 08:07:23 ERROR  : ERROR:  error de sintaxis en o cerca de «where»
LINE 4: where pa.ciclo=1 and pa.anio=2017 and f.idfacultad=2 and CON...
        ^
2018-03-01 08:07:34 ERROR  : ERROR:  no existe la columna a.fk_autoridad
LINE 1: select a.fk_autoridad from docente d inner join autoridades ...
               ^
2018-03-01 18:14:09 ERROR  : ERROR:  no existe la relación «autoridad»
LINE 1: select * from autoridad
                      ^
2018-03-01 20:49:23 ERROR  : ERROR:  error de sintaxis al final de la entrada
LINE 1: select * from docente inner join detalleaula
                                                    ^
2018-03-01 20:49:24 ERROR  : ERROR:  error de sintaxis al final de la entrada
LINE 1: select * from docente inner join detalleaula
                                                    ^
2018-03-01 20:54:01 ERROR  : ERROR:  no existe la columna d.iddocente
LINE 1: ...nte=da.id_docente where d.id_docente='1' group by d.iddocent...
                                                             ^
2018-03-01 20:54:01 ERROR  : ERROR:  error de sintaxis en o cerca de «select»
LINE 3: select * from detalleaula
        ^
2018-03-01 20:54:01 ERROR  : ERROR:  error de sintaxis en o cerca de «select»
LINE 3: select * from detalleaula
        ^
2018-03-01 20:54:01 ERROR  : ERROR:  error de sintaxis en o cerca de «select»
LINE 3: select * from detalleaula
        ^
2018-03-01 21:12:28 ERROR  : ERROR:  falta una entrada para la tabla «d» en la cláusula FROM
LINE 1: select * from docente where d.id_docente
                                    ^
2018-03-01 21:12:29 ERROR  : ERROR:  error de sintaxis en o cerca de «select»
LINE 3: select * from detalleaula
        ^
2018-03-01 21:12:33 ERROR  : ERROR:  falta una entrada para la tabla «d» en la cláusula FROM
LINE 1: select * from docente where d.id_docente
                                    ^
2018-03-02 09:13:25 ERROR  : ERROR:  no existe la relación «docentes»
LINE 1: select * from docentes
                      ^
2018-03-08 21:56:59 ERROR  : ERROR:  no existe la relación «carreara»
LINE 1: select * from carreara
                      ^
2018-03-08 21:57:19 ERROR  : ERROR:  no existe la relación «facultad»
LINE 1: select * from facultad
                      ^
2018-03-08 21:57:22 ERROR  : ERROR:  error de sintaxis en o cerca de «select»
LINE 3: select * from carrera
        ^
2018-03-08 21:57:27 ERROR  : ERROR:  no existe la relación «facultad»
LINE 1: select * from facultad
                      ^
2018-03-08 23:58:04 ERROR  : ERROR:  llave duplicada viola restricción de unicidad «docentes_pkey»
DETAIL:  Ya existe la llave (identificacion)=(075004234    ).
2018-03-08 23:58:04 ERROR  : ERROR:  llave duplicada viola restricción de unicidad «docentes_pkey»
DETAIL:  Ya existe la llave (identificacion)=(075004234    ).
2018-03-08 23:58:05 ERROR  : ERROR:  llave duplicada viola restricción de unicidad «docentes_pkey»
DETAIL:  Ya existe la llave (identificacion)=(075004234    ).
2018-03-11 12:30:57 ERROR  : ERROR:  la sintaxis de entrada no es válida para integer: «S»
LINE 1: INSERT INTO tutorias VALUES ('S','SA','SA','SA','SA','SA','1...
                                     ^
2018-03-11 12:31:05 ERROR  : ERROR:  inserción o actualización en la tabla «tutorias» viola la llave foránea «tutorias_identificacion_fkey»
DETAIL:  La llave (identificacion)=(1200642146   ) no está presente en la tabla «docentes».
2018-03-11 12:31:34 ERROR  : ERROR:  inserción o actualización en la tabla «tutorias» viola la llave foránea «tutorias_identificacion_fkey»
DETAIL:  La llave (identificacion)=(1200642146   ) no está presente en la tabla «docentes».
2018-03-11 12:32:10 ERROR  : ERROR:  inserción o actualización en la tabla «tutorias» viola la llave foránea «tutorias_identificacion_fkey»
DETAIL:  La llave (identificacion)=(1200642146   ) no está presente en la tabla «docentes».
2018-03-11 13:58:35 ERROR  : ERROR:  error de sintaxis en o cerca de «+»
LINE 1: SELECT count(*) contador + 1  FROM TUTORIAS
                                 ^
2018-03-11 15:50:36 ERROR  : ERROR:  no existe la relación «detalle_tutorías»
LINE 1: select * from detalle_tutorías
                      ^
2018-03-11 15:50:46 ERROR  : ERROR:  no existe la relación «detalle_tutoria»
LINE 1: select * from detalle_tutoria
                      ^
2018-03-11 15:52:23 ERROR  : ERROR:  error de sintaxis en o cerca de «1»
LINE 1: INSERT INTO VALUES(1,'1200642146',1,'Disponible',10)
                           ^
2018-03-11 15:52:35 ERROR  : ERROR:  error de sintaxis en o cerca de «1»
LINE 1: INSERT INTO VALUES(1,'1200642146',1,'Disponible',10)
                           ^
2018-03-11 15:53:06 ERROR  : ERROR:  error de sintaxis en o cerca de «1»
LINE 1: INSERT INTO VALUES(1,'1200642146','Disponible',10)
                           ^
2018-03-11 15:54:55 ERROR  : ERROR:  error de sintaxis en o cerca de «2»
LINE 1: INSERT INTO VALUES(2,'1200642146',1,'se',10)
                           ^
2018-03-11 15:55:47 ERROR  : ERROR:  error de sintaxis en o cerca de «*»
LINE 1: delete * from tutoorias
               ^
2018-03-11 15:55:52 ERROR  : ERROR:  no existe la relación «tutoorias»
LINE 1: delete from tutoorias
                    ^
2018-03-11 15:57:26 ERROR  : ERROR:  llave duplicada viola restricción de unicidad «detalle_tutorias_pkey»
DETAIL:  Ya existe la llave (id_tutorias)=(2).
2018-03-11 15:57:48 ERROR  : ERROR:  la sintaxis de entrada no es válida para integer: «»
LINE 1: ...NSERT INTO detalle_tutorias VALUES(4,'1200642146',1,'se','')
                                                                    ^
2018-03-11 17:11:09 ERROR  : ERROR:  error de sintaxis en o cerca de «as»
LINE 1: as
        ^
2018-03-11 17:20:26 ERROR  : ERROR:  no existe la relación «detalle_tutoria»
LINE 1: select * from tutorias t inner join detalle_tutoria  dt on t...
                                            ^
2018-03-11 17:20:33 ERROR  : ERROR:  no existe la columna t.id_tutorias
LINE 1: ...rom tutorias t inner join detalle_tutorias  dt on t.id_tutor...
                                                             ^
2018-03-11 17:20:44 ERROR  : ERROR:  no existe la columna t.id_tutoria
LINE 1: ...rom tutorias t inner join detalle_tutorias  dt on t.id_tutor...
                                                             ^
2018-03-11 17:36:56 ERROR  : ERROR:  no existe la columna d.apellido
LINE 2: ... estudiante, f.nombre_facultad, c.nombre_carrera, d.apellido...
                                                             ^
2018-03-12 14:48:08 ERROR  : ERROR:  INSERT tiene más expresiones que columnas de destino
LINE 3: ...5@uteq.edu.ec','javierchamba2805@hotmail.com','M',md5('12345...
                                                             ^
2018-03-12 14:48:26 ERROR  : ERROR:  INSERT tiene más expresiones que columnas de destino
LINE 3: ...5@uteq.edu.ec','javierchamba2805@hotmail.com','M',md5('12345...
                                                             ^
2018-03-12 14:53:32 ERROR  : ERROR:  error de sintaxis en o cerca de «INSERT»
LINE 3: INSERT INTO detalle_tutorias VALUES(2,'1200642146',2,'Dispon...
        ^
2018-03-12 14:57:31 ERROR  : ERROR:  error de sintaxis en o cerca de «*»
LINE 1: delete * from detalle_tutorias
               ^
2018-03-12 15:06:29 ERROR  : ERROR:  no existe la columna «tutor_iden» en la relación «estudiantes»
LINE 1: update estudiantes set tutor_iden='0750042384' where cedula=...
                               ^
2018-03-12 15:19:43 ERROR  : ERROR:  no existe la relación «docente»
LINE 1: select * from docente
                      ^
2018-03-12 15:22:12 ERROR  : ERROR:  inserción o actualización en la tabla «detalle_tutorias» viola la llave foránea «detalle_tutorias_cedula_fkey»
DETAIL:  La llave (cedula)=(1200642146   ) no está presente en la tabla «estudiantes».
2018-03-12 15:30:22 ERROR  : ERROR:  la base de datos «sa» ya existe
2018-03-12 16:07:26 ERROR  : ERROR:  error de sintaxis en o cerca de «9»
LINE 1: INSERT INTO tutorias VALUES 9','Presentación de las tutorías...
                                    ^
2018-03-12 16:12:22 ERROR  : ERROR:  error de sintaxis en o cerca de «9»
LINE 1: INSERT INTO tutorias VALUES 9,'Presentación de las tutorías'...
                                    ^
2018-03-12 16:12:53 ERROR  : ERROR:  error de sintaxis en o cerca de «9»
LINE 1: INSERT INTO tutorias VALUES 9,'Presentación de las tutorías'...
                                    ^
2018-03-12 16:15:57 ERROR  : ERROR:  error de sintaxis en o cerca de «16»
LINE 1: ...mplir las tareas de los docentes','','2018-03-12,'16:13:51',...
                                                             ^
2018-03-12 16:20:41 ERROR  : ERROR:  no existe la relación «detalles_tutorias»
LINE 1: SELECT * FROM detalles_tutorias
                      ^
2018-03-12 18:52:14 ERROR  : ERROR:  no existe la relación «docente»
LINE 1: update docente set genero='Masculino' where identificacion='...
               ^
2018-03-12 19:15:42 ERROR  : ERROR:  no existe la relación «docente»
LINE 1: select * from docente
                      ^
2018-03-12 19:18:08 ERROR  : ERROR:  el valor null para la columna «genero» viola la restricción not null
DETAIL:  La fila que falla contiene (0750042384   , null, Chamba Cumbicos                                                 ..., Jefferson Javier                                                ..., jefferson.chamba2015@uteq.edu.ec                                ..., javierchamba2805@gmail.com                                      ..., null, 827ccb0eea8a706c4c34a16891f84e7b                  ).
2018-03-12 19:18:22 ERROR  : ERROR:  el valor null para la columna «genero» viola la restricción not null
DETAIL:  La fila que falla contiene (0750042384   , null, Chamba Cumbicos                                                 ..., Jefferson Javier                                                ..., jefferson.chamba2015@uteq.edu.ec                                ..., javierchamba2805@gmail.com                                      ..., null, 827ccb0eea8a706c4c34a16891f84e7b                  ).
2018-03-12 19:32:27 ERROR  : ERROR:  no existe la columna «correoinstitucional» en la relación «docentes»
LINE 1: update docentes set genero='Masculino', correoinstitucional=...
                                                ^
2018-03-12 19:32:49 ERROR  : ERROR:  no existe la columna «correoinstitucional» en la relación «docentes»
LINE 1: update docentes set genero='Masculino', correoinstitucional=...
                                                ^
2018-03-12 21:15:18 ERROR  : ERROR:  error de sintaxis en o cerca de «t»
LINE 2:                     t.diagnostico, t.temas_abordados, t.estr...
                            ^
2018-03-12 23:16:11 ERROR  : ERROR:  no existe la relación «docente»
LINE 1: update docente set genero='Masculino' where cedula='07500423...
               ^
2018-03-12 23:16:17 ERROR  : ERROR:  no existe la columna «cedula»
LINE 1: update docentes set genero='Masculino' where cedula='0750042...
                                                     ^
2018-03-12 23:33:27 ERROR  : ERROR:  el operador no existe: character = integer
LINE 4: ...ad=c.id_facultad INNER JOIN docentes d ON d.identificacion=1
                                                                     ^
HINT:  Ningún operador coincide con el nombre y el tipo de los argumentos. Puede ser necesario agregar conversiones explícitas de tipos.
2018-03-12 23:35:12 ERROR  : ERROR:  llave duplicada viola restricción de unicidad «detalle_tutorias_pkey»
DETAIL:  Ya existe la llave (id_tutorias)=(9).
2018-03-12 23:35:24 ERROR  : ERROR:  llave duplicada viola restricción de unicidad «detalle_tutorias_pkey»
DETAIL:  Ya existe la llave (id_tutorias)=(9).
2018-03-12 23:35:31 ERROR  : ERROR:  llave duplicada viola restricción de unicidad «detalle_tutorias_pkey»
DETAIL:  Ya existe la llave (id_tutorias)=(10).
2018-03-12 23:36:27 ERROR  : ERROR:  falta una entrada para la tabla «f» en la cláusula FROM
LINE 1: ...d, e.apellidos || ' ' || e.nombres AS estudiante, f.nombre_f...
                                                             ^
2018-03-12 23:36:34 ERROR  : ERROR:  falta una entrada para la tabla «f» en la cláusula FROM
LINE 1: ...d, e.apellidos || ' ' || e.nombres AS estudiante, f.nombre_f...
                                                             ^
2018-03-13 00:00:22 ERROR  : ERROR:  no existe la columna «identificación»
LINE 1: select * from tutorias where identificación='0750042384'
                                     ^
2018-04-02 18:56:24 ERROR  : Error connecting to the server: FATAL:  la autentificación password falló para el usuario «postgres»

2018-04-02 20:02:33 ERROR  : ERROR:  error de sintaxis en o cerca de «where»
LINE 1: ...oin p.encuesta e inner join e.periodoacademico pa where pa.c...
                                                             ^
2018-04-02 20:04:31 ERROR  : ERROR:  error de sintaxis en o cerca de «where»
LINE 1: ...oin p.encuesta e inner join e.periodoacademico pa where p. p...
                                                             ^
2018-04-02 20:07:17 ERROR  : ERROR:  error de sintaxis en o cerca de «where»
LINE 1: ...oin p.encuesta e inner join e.periodoacademico pa where p.id...
                                                             ^
2018-04-02 20:07:51 ERROR  : ERROR:  no existe la relación «p.encuesta»
LINE 1: select * from preguntas p inner join p.encuesta e inner join...
                                             ^
2018-04-02 20:08:23 ERROR  : ERROR:  no existe la relación «p.encuesta»
LINE 1: select * from preguntas p inner join p.encuesta e on p.id_en...
                                             ^
2018-04-02 20:08:44 ERROR  : ERROR:  falta una entrada para la tabla «a» en la cláusula FROM
LINE 1: ... pa on e.id_anioelectivo=pa.id_anioelectivo where a.ciclo=1 ...
                                                             ^
2018-04-02 22:57:06 ERROR  : ERROR:  no existe la función top(integer)
LINE 1: select top(1) from preguntas p inner join encuesta e on p.id...
               ^
HINT:  Ninguna función coincide en el nombre y tipos de argumentos. Puede ser necesario agregar conversión explícita de tipos.
2018-04-03 00:02:10 ERROR  : ERROR:  no existe la relación «po.opciones»
LINE 2: ...T op.idOpcion from Preguntaopciones po inner join po.opcione...
                                                             ^
2018-04-03 00:03:04 ERROR  : ERROR:  no existe la columna op.idopcion
LINE 2: SELECT op.idOpcion from Preguntaopciones po inner join opcio...
               ^
2018-04-03 00:03:19 ERROR  : ERROR:  no existe la columna p.idpregunta
LINE 5: where pa.ciclo=1 and pa.anio=2017 and p.idPregunta='1'
                                              ^
2018-04-03 18:06:14 ERROR  : ERROR:  error de sintaxis en o cerca de «\»
LINE 2: ...s po inner join opciones op on po.id_opcion=op.id_opcion \n"
                                                                    ^
2018-04-03 18:22:54 ERROR  : ERROR:  error de sintaxis en o cerca de «\»
LINE 2: ...s po inner join opciones op on po.id_opcion=op.id_opcion \n"
                                                                    ^
2018-04-03 18:25:50 ERROR  : ERROR:  el operador no existe: character varying = integer
LINE 5: ...lo=1 and pa.anio=2017 and p.id_pregunta='1' and op.detalle=1
                                                                     ^
HINT:  Ningún operador coincide con el nombre y el tipo de los argumentos. Puede ser necesario agregar conversiones explícitas de tipos.
2018-04-03 18:30:23 ERROR  : ERROR:  no existe la columna r.id_preguntasopciones
LINE 1: ...om respuestas r inner join preguntaopciones po on r.id_pregu...
                                                             ^
2018-04-03 18:30:24 ERROR  : ERROR:  error de sintaxis en o cerca de «SELECT»
LINE 4: SELECT op.detalle from Preguntaopciones po inner join opcion...
        ^
2018-04-03 18:46:50 ERROR  : ERROR:  no existe la columna r.id_preguntasopciones
LINE 1: ...om respuestas r inner join preguntaopciones po on r.id_pregu...
                                                             ^
2018-04-03 18:47:33 ERROR  : ERROR:  no existe la columna r.id_preguntasopciones
LINE 1: ...om respuestas r inner join preguntaopciones po on r.id_pregu...
                                                             ^
2018-04-03 18:56:12 ERROR  : ERROR:  falta una entrada para la tabla «op» en la cláusula FROM
LINE 5: ...iclo=1 and pa.anio=2017 and p.id_pregunta='1' and op.id_opci...
                                                             ^
2018-04-04 23:15:17 ERROR  : ERROR:  error de sintaxis en o cerca de «ciclo»
LINE 1: select count(*) periodoacademico ciclo=1 and anio=2017
                                         ^
2018-04-04 23:15:23 ERROR  : ERROR:  no existe la columna «ciclo»
LINE 1: select count(*) periodoacademico where ciclo=1 and anio=2017
                                               ^
2018-04-11 20:38:46 ERROR  : ERROR:  error de sintaxis en o cerca de «where»
LINE 4: inner join a.carrera c inner join c.facultad f where pa.cicl...
                                                       ^
2018-04-11 20:38:54 ERROR  : ERROR:  error de sintaxis en o cerca de «where»
LINE 4: inner join a.carrera c inner join c.facultad f where pa.cicl...
                                                       ^
2018-04-11 20:39:07 ERROR  : ERROR:  error de sintaxis en o cerca de «where»
LINE 4: inner join a.carrera c inner join c.facultad f where pa.cicl...
                                                       ^
2018-04-11 20:43:48 ERROR  : ERROR:  no existe la columna d.apelidos
LINE 2: select d.id_docente, d.apelidos+|| ||+d.nombres from respues...
                             ^
2018-04-11 20:44:12 ERROR  : ERROR:  el operador no existe: ||+ character varying
LINE 2: select d.id_docente, d.apellidos+|| ||+d.nombres from respue...
                                            ^
HINT:  Ningún operador coincide con el nombre y el tipo de los argumentos. Puede ser necesario agregar conversiones explícitas de tipos.
2018-04-11 20:45:50 ERROR  : ERROR:  la referencia a la columna «id_docente» es ambigua
LINE 7: ...lo=1 and pa.anio=2017 and f.idfacultad=2 group by id_docente
                                                             ^
2018-04-11 21:16:21 ERROR  : ERROR:  falta una entrada para la tabla «d» en la cláusula FROM
LINE 1: select CONCAT(d.apellidos,' ',d.nombres) from docente
                      ^
2018-04-12 16:19:45 ERROR  : ERROR:  no existe la relación «materias»
LINE 1: select * from materias
                      ^
2018-04-12 16:19:48 ERROR  : ERROR:  no existe la relación «materia»
LINE 1: select * from materia
                      ^
2018-04-12 21:01:31 ERROR  : ERROR:  la columna «c.idcarrera» debe aparecer en la cláusula GROUP BY o ser usada en una función de agregación
LINE 1: select c.idcarrera, c.nombre from respuestas r inner join pr...
               ^
2018-04-12 21:02:03 ERROR  : ERROR:  la columna «c.idcarrera» debe aparecer en la cláusula GROUP BY o ser usada en una función de agregación
LINE 1: select c.idcarrera, c.nombre from respuestas r inner join pr...
               ^
2018-04-12 21:02:03 ERROR  : ERROR:  la columna «c.idcarrera» debe aparecer en la cláusula GROUP BY o ser usada en una función de agregación
LINE 1: select c.idcarrera, c.nombre from respuestas r inner join pr...
               ^
2018-04-12 21:02:34 ERROR  : ERROR:  error de sintaxis en o cerca de «gruop»
LINE 7: gruop by c.idcarrera
        ^
2018-04-12 21:26:00 ERROR  : ERROR:  no existe la columna d.nombre
LINE 1: select d.id_docente, d.nombre from respuestas r inner join p...
                             ^
2018-04-12 21:35:25 ERROR  : ERROR:  error de sintaxis en o cerca de «(»
LINE 1: select d.id_docente CONCAT(d.apellidos,' ',d.nombres) from r...
                                  ^
2018-04-12 22:42:08 ERROR  : ERROR:  no existe la columna c.id_carrera
LINE 7: ....id_docente where pa.ciclo=1 and pa.anio=2017 and c.id_carre...
                                                             ^
2018-12-14 19:21:54 ERROR  : ERROR:  error de sintaxis en o cerca de «call»
LINE 1: call f_profesiones_mas_botadas()
        ^
2018-12-14 19:23:16 ERROR  : ERROR:  error de sintaxis en o cerca de «{»
LINE 1: {call f_profesiones_mas_botadas()}
        ^
2018-12-14 19:23:17 ERROR  : ERROR:  error de sintaxis en o cerca de «{»
LINE 1: {call f_profesiones_mas_botadas()}
        ^
2018-12-14 19:29:47 ERROR  : ERROR:  no existe la función f_profesiones_mas_botadas()
LINE 1: select * from f_profesiones_mas_botadas() as result
                      ^
HINT:  Ninguna función coincide en el nombre y tipos de argumentos. Puede ser necesario agregar conversión explícita de tipos.
2018-12-14 19:29:53 ERROR  : ERROR:  no existe la función f_profesiones_mas_botadas()
LINE 1: select * from f_profesiones_mas_botadas()
                      ^
HINT:  Ninguna función coincide en el nombre y tipos de argumentos. Puede ser necesario agregar conversión explícita de tipos.
2018-12-14 19:29:54 ERROR  : ERROR:  no existe la función f_profesiones_mas_botadas()
LINE 1: select * from f_profesiones_mas_botadas()
                      ^
HINT:  Ninguna función coincide en el nombre y tipos de argumentos. Puede ser necesario agregar conversión explícita de tipos.
2018-12-14 19:29:57 ERROR  : ERROR:  no existe la función f_profesiones_mas_botadas()
LINE 1: select * from f_profesiones_mas_botadas() as result
                      ^
HINT:  Ninguna función coincide en el nombre y tipos de argumentos. Puede ser necesario agregar conversión explícita de tipos.
2019-01-03 16:29:36 ERROR  : ERROR:  error de sintaxis en o cerca de «video»
LINE 1: drop video
             ^
2019-01-03 16:29:44 ERROR  : ERROR:  no existe la relación «video»
LINE 1: select * from video
                      ^
2019-01-03 16:47:33 ERROR  : ERROR:  no se ha especificado el lenguaje
2019-01-03 16:48:26 ERROR  : ERROR:  error de sintaxis en o cerca de «generar_video»
LINE 1: generar_video
        ^
2019-01-03 16:48:30 ERROR  : ERROR:  error de sintaxis en o cerca de «call»
LINE 1: call generar_video
        ^
2019-01-03 16:49:12 ERROR  : ERROR:  error de sintaxis en o cerca de «generar_idvideo»
LINE 1: generar_idvideo()
        ^
2019-01-03 16:49:46 ERROR  : ERROR:  error de sintaxis en o cerca de «generar_idvideo»
LINE 1: generar_idvideo()
        ^
2019-01-03 22:15:03 ERROR  : ERROR:  error de sintaxis en o cerca de «AS»
LINE 61:     AS integer
             ^
2019-01-03 22:15:37 ERROR  : ERROR:  error de sintaxis en o cerca de «AS»
LINE 61:     AS integer
             ^
2019-01-10 10:03:44 ERROR  : ERROR:  relation "dispositivos" does not exist
LINE 1: select * from dispositivos
                      ^
2019-01-14 12:09:18 ERROR  : Error connecting to the server: FATAL:  la autentificación password falló para el usuario «postgres»

2019-01-15 13:01:16 ERROR  : ERROR:  error de sintaxis al final de la entrada
LINE 1: insert into ejemplo("salio")
                                    ^
2019-01-15 13:01:23 ERROR  : ERROR:  no existe la columna «salio»
LINE 1: insert into ejemplo values("salio")
                                   ^
2019-01-15 13:01:41 ERROR  : ERROR:  no existe la columna «salio»
LINE 1: insert into ejemplo values("salio");
                                   ^
2019-01-15 13:01:45 ERROR  : ERROR:  no existe la columna «sa»
LINE 1: insert into ejemplo values("sa");
                                   ^
2019-01-15 13:02:36 ERROR  : ERROR:  no existe la columna «sa»
LINE 3:     VALUES ("sa");
                    ^
2019-01-15 13:04:10 ERROR  : ERROR:  error de sintaxis en o cerca de «tabla»
LINE 1: create tabla (
               ^
2019-01-15 13:04:15 ERROR  : ERROR:  error de sintaxis en o cerca de «)»
LINE 3: )
        ^
2019-01-15 13:04:38 ERROR  : ERROR:  error de sintaxis en o cerca de «int»
LINE 1: insert int tabla values("s")
               ^
2019-01-15 13:04:47 ERROR  : ERROR:  error de sintaxis en o cerca de «int»
LINE 1: insert int tabla values(4)
               ^
2019-01-15 13:04:54 ERROR  : ERROR:  no existe la columna «sa»
LINE 1: insert into tabla values("sa")
                                 ^
2019-01-15 13:05:50 ERROR  : ERROR:  no existe la columna «sa»
LINE 3:     VALUES ("sa");
                    ^
2019-02-01 17:28:05 ERROR  : ERROR:  error de sintaxis en o cerca de «from»
LINE 3: delete from video where id_video=6
               ^
2019-02-04 12:08:20 ERROR  : ERROR:  no existe la relación «videos»
LINE 1: select * from videos
                      ^
2019-02-27 03:43:13 ERROR  : ERROR:  la restricción de llave foránea «fk_video» no puede ser implementada
DETAIL:  Las columnas llave «fk_id_video» y «id_video» son de tipos incompatibles: character varying y integer
2019-03-15 11:49:02 ERROR  : ERROR:  no existe la relación «videos»
LINE 1: select * from videos
                      ^
2020-01-05 17:08:12 ERROR  : Error connecting to the server: FATAL:  la autentificación password falló para el usuario «postgres»

2020-01-05 17:12:00 ERROR  : ERROR:  error de sintaxis en o cerca de «AUTO_INCREMENT»
LINE 2:     pk_localizacion int PRIMARY key AUTO_INCREMENT,
                                            ^
2020-01-05 17:12:48 ERROR  : ERROR:  no existe el tipo «double»
LINE 3:     latitud double,
                    ^
2020-01-05 17:16:21 ERROR  : ERROR:  error de sintaxis en o cerca de «localizacion»
LINE 1: drop localizacion
             ^
2020-01-05 17:22:57 ERROR  : ERROR:  no existe la función generar_idvideo()
2020-01-05 17:24:40 ERROR  : ERROR:  error de sintaxis en o cerca de «call»
LINE 1: call insertarfotograma("nombre",1.54,2.25)
        ^
2020-01-05 17:24:47 ERROR  : ERROR:  error de sintaxis en o cerca de «insertarfotograma»
LINE 1: insertarfotograma("nombre",1.54,2.25)
        ^
2020-01-05 17:24:56 ERROR  : ERROR:  error de sintaxis en o cerca de «function»
LINE 1: function insertarfotograma("nombre",1.54,2.25)
        ^
2020-01-05 17:25:06 ERROR  : ERROR:  error de sintaxis en o cerca de «insertarfotograma»
LINE 1: insert insertarfotograma("nombre",1.54,2.25)
               ^
2020-01-05 17:25:16 ERROR  : ERROR:  error de sintaxis en o cerca de «1.54»
LINE 1: insert into insertarfotograma("nombre",1.54,2.25)
                                               ^
2020-01-05 17:25:57 ERROR  : ERROR:  no existe la columna «nombre»
LINE 1: select insertarfotograma("nombre",1.54,2.25)
                                 ^
2020-01-05 17:26:11 ERROR  : ERROR:  no existe la columna «nombre»
LINE 1: select insertarlocalizacion("nombre",1.54,2.25)
                                    ^
2020-01-11 00:23:02 ERROR  : Error connecting to the server: FATAL:  la autentificación password falló para el usuario «postgres»

2020-01-11 00:25:17 ERROR  : ERROR:  no existe la función localizacion(unknown, numeric, numeric)
LINE 1: select from localizacion('Carlos Muñoz',-1.014838,-79.470444...
                    ^
HINT:  Ninguna función coincide en el nombre y tipos de argumentos. Puede ser necesario agregar conversión explícita de tipos.
2020-01-11 00:37:23 ERROR  : ERROR:  error de sintaxis en o cerca de «delete»
LINE 3: delete from localizacion where pk_localizacion=4
        ^
2020-02-10 18:58:07 ERROR  : ERROR:  la escala de NUMERIC, 5, debe estar entre 0 y la precisión 2
LINE 4: saldo decimal(2,5)
              ^
